<?xml version="1.0" encoding="UTF-8"?>
<coverage generated="1704887960">
  <project timestamp="1704887960">
    <file name="/app/src/Domain/Configuration/AbstractConfiguration.php">
      <class name="RichId\ConfigurationBundle\Domain\Configuration\AbstractConfiguration" namespace="global">
        <metrics complexity="3" methods="2" coveredmethods="2" conditionals="0" coveredconditionals="0" statements="5" coveredstatements="5" elements="7" coveredelements="7"/>
      </class>
      <line num="11" type="method" name="loadConfiguration" visibility="public" complexity="2" crap="2" count="2"/>
      <line num="13" type="stmt" count="2"/>
      <line num="14" type="stmt" count="1"/>
      <line num="17" type="stmt" count="2"/>
      <line num="19" type="stmt" count="2"/>
      <line num="22" type="method" name="checkIsConcerned" visibility="protected" complexity="1" crap="1" count="2"/>
      <line num="24" type="stmt" count="2"/>
      <metrics loc="27" ncloc="27" classes="1" methods="2" coveredmethods="2" conditionals="0" coveredconditionals="0" statements="5" coveredstatements="5" elements="7" coveredelements="7"/>
    </file>
    <file name="/app/src/Domain/Configuration/ConfigurationInterface.php">
      <metrics loc="11" ncloc="11" classes="0" methods="0" coveredmethods="0" conditionals="0" coveredconditionals="0" statements="0" coveredstatements="0" elements="0" coveredelements="0"/>
    </file>
    <file name="/app/src/Domain/Configuration/ConfigurationManager.php">
      <class name="RichId\ConfigurationBundle\Domain\Configuration\ConfigurationManager" namespace="global">
        <metrics complexity="14" methods="6" coveredmethods="6" conditionals="0" coveredconditionals="0" statements="29" coveredstatements="29" elements="35" coveredelements="35"/>
      </class>
      <line num="34" type="method" name="addService" visibility="public" complexity="1" crap="1" count="6"/>
      <line num="36" type="stmt" count="6"/>
      <line num="39" type="method" name="findOneByVersionName" visibility="public" complexity="3" crap="3" count="2"/>
      <line num="41" type="stmt" count="2"/>
      <line num="42" type="stmt" count="2"/>
      <line num="43" type="stmt" count="1"/>
      <line num="47" type="stmt" count="1"/>
      <line num="50" type="method" name="loadAllConfigurations" visibility="public" complexity="4" crap="4" count="2"/>
      <line num="52" type="stmt" count="2"/>
      <line num="54" type="stmt" count="2"/>
      <line num="55" type="stmt" count="2"/>
      <line num="56" type="stmt" count="2"/>
      <line num="59" type="stmt" count="1"/>
      <line num="60" type="stmt" count="1"/>
      <line num="63" type="stmt" count="2"/>
      <line num="64" type="stmt" count="1"/>
      <line num="68" type="method" name="loadConfiguration" visibility="public" complexity="3" crap="3" count="3"/>
      <line num="70" type="stmt" count="3"/>
      <line num="71" type="stmt" count="1"/>
      <line num="73" type="stmt" count="1"/>
      <line num="76" type="stmt" count="2"/>
      <line num="78" type="stmt" count="2"/>
      <line num="79" type="stmt" count="1"/>
      <line num="81" type="stmt" count="1"/>
      <line num="84" type="stmt" count="2"/>
      <line num="86" type="stmt" count="2"/>
      <line num="87" type="stmt" count="2"/>
      <line num="89" type="stmt" count="2"/>
      <line num="91" type="stmt" count="2"/>
      <line num="94" type="method" name="isMigrationExecuted" visibility="private" complexity="1" crap="1" count="4"/>
      <line num="96" type="stmt" count="4"/>
      <line num="100" type="method" name="getExecutedConfigurations" visibility="private" complexity="2" crap="2" count="4"/>
      <line num="102" type="stmt" count="4"/>
      <line num="103" type="stmt" count="4"/>
      <line num="106" type="stmt" count="4"/>
      <metrics loc="109" ncloc="106" classes="1" methods="6" coveredmethods="6" conditionals="0" coveredconditionals="0" statements="29" coveredstatements="29" elements="35" coveredelements="35"/>
    </file>
    <file name="/app/src/Domain/Entity/ConfigurationVersion.php">
      <class name="RichId\ConfigurationBundle\Domain\Entity\ConfigurationVersion" namespace="global">
        <metrics complexity="4" methods="4" coveredmethods="4" conditionals="0" coveredconditionals="0" statements="6" coveredstatements="6" elements="10" coveredelements="10"/>
      </class>
      <line num="20" type="method" name="getVersion" visibility="public" complexity="1" crap="1" count="1"/>
      <line num="22" type="stmt" count="1"/>
      <line num="25" type="method" name="setVersion" visibility="public" complexity="1" crap="1" count="1"/>
      <line num="27" type="stmt" count="1"/>
      <line num="29" type="stmt" count="1"/>
      <line num="32" type="method" name="getExecutedAt" visibility="public" complexity="1" crap="1" count="1"/>
      <line num="34" type="stmt" count="1"/>
      <line num="37" type="method" name="setExecutedAt" visibility="public" complexity="1" crap="1" count="1"/>
      <line num="39" type="stmt" count="1"/>
      <line num="41" type="stmt" count="1"/>
      <metrics loc="44" ncloc="44" classes="1" methods="4" coveredmethods="4" conditionals="0" coveredconditionals="0" statements="6" coveredstatements="6" elements="10" coveredelements="10"/>
    </file>
    <file name="/app/src/Domain/EventListener/LoadConfigurationsAfterMigrationExecutedListener.php">
      <class name="RichId\ConfigurationBundle\Domain\EventListener\LoadConfigurationsAfterMigrationExecutedListener" namespace="global">
        <metrics complexity="4" methods="1" coveredmethods="1" conditionals="0" coveredconditionals="0" statements="3" coveredstatements="3" elements="4" coveredelements="4"/>
      </class>
      <line num="18" type="method" name="onMigrationsMigrated" visibility="public" complexity="4" crap="4" count="3"/>
      <line num="20" type="stmt" count="3"/>
      <line num="21" type="stmt" count="2"/>
      <line num="24" type="stmt" count="1"/>
      <metrics loc="27" ncloc="27" classes="1" methods="1" coveredmethods="1" conditionals="0" coveredconditionals="0" statements="3" coveredstatements="3" elements="4" coveredelements="4"/>
    </file>
    <file name="/app/src/Domain/Factory/ConfigurationVersionFactory.php">
      <class name="RichId\ConfigurationBundle\Domain\Factory\ConfigurationVersionFactory" namespace="global">
        <metrics complexity="1" methods="1" coveredmethods="1" conditionals="0" coveredconditionals="0" statements="5" coveredstatements="5" elements="6" coveredelements="6"/>
      </class>
      <line num="16" type="method" name="__invoke" visibility="public" complexity="1" crap="1" count="2"/>
      <line num="18" type="stmt" count="2"/>
      <line num="20" type="stmt" count="2"/>
      <line num="21" type="stmt" count="2"/>
      <line num="23" type="stmt" count="2"/>
      <line num="25" type="stmt" count="2"/>
      <metrics loc="28" ncloc="28" classes="1" methods="1" coveredmethods="1" conditionals="0" coveredconditionals="0" statements="5" coveredstatements="5" elements="6" coveredelements="6"/>
    </file>
    <file name="/app/src/Domain/Generator/ClassNameGenerator.php">
      <class name="RichId\ConfigurationBundle\Domain\Generator\ClassNameGenerator" namespace="global">
        <metrics complexity="2" methods="2" coveredmethods="2" conditionals="0" coveredconditionals="0" statements="3" coveredstatements="3" elements="5" coveredelements="5"/>
      </class>
      <line num="11" type="method" name="generateClaseName" visibility="public" complexity="1" crap="1" count="2"/>
      <line num="13" type="stmt" count="2"/>
      <line num="16" type="method" name="generateVersionNumber" visibility="private" complexity="1" crap="1" count="2"/>
      <line num="18" type="stmt" count="2"/>
      <line num="20" type="stmt" count="2"/>
      <metrics loc="23" ncloc="23" classes="1" methods="2" coveredmethods="2" conditionals="0" coveredconditionals="0" statements="3" coveredstatements="3" elements="5" coveredelements="5"/>
    </file>
    <file name="/app/src/Domain/Generator/NewConfigurationGenerator.php">
      <class name="RichId\ConfigurationBundle\Domain\Generator\NewConfigurationGenerator" namespace="global">
        <metrics complexity="8" methods="2" coveredmethods="2" conditionals="0" coveredconditionals="0" statements="19" coveredstatements="19" elements="21" coveredelements="21"/>
      </class>
      <line num="32" type="method" name="__invoke" visibility="public" complexity="2" crap="2" count="5"/>
      <line num="34" type="stmt" count="5"/>
      <line num="36" type="stmt" count="5"/>
      <line num="37" type="stmt" count="5"/>
      <line num="38" type="stmt" count="5"/>
      <line num="39" type="stmt" count="5"/>
      <line num="41" type="stmt" count="5"/>
      <line num="42" type="stmt" count="5"/>
      <line num="45" type="stmt" count="5"/>
      <line num="47" type="stmt" count="5"/>
      <line num="49" type="stmt" count="3"/>
      <line num="52" type="method" name="getTemplate" visibility="private" complexity="6" crap="6" count="5"/>
      <line num="54" type="stmt" count="5"/>
      <line num="56" type="stmt" count="5"/>
      <line num="57" type="stmt" count="2"/>
      <line num="60" type="stmt" count="3"/>
      <line num="61" type="stmt" count="1"/>
      <line num="64" type="stmt" count="2"/>
      <line num="66" type="stmt" count="2"/>
      <line num="67" type="stmt" count="1"/>
      <line num="70" type="stmt" count="1"/>
      <metrics loc="73" ncloc="73" classes="1" methods="2" coveredmethods="2" conditionals="0" coveredconditionals="0" statements="19" coveredstatements="19" elements="21" coveredelements="21"/>
    </file>
    <file name="/app/src/Domain/Port/ConfigurationInterface.php">
      <metrics loc="15" ncloc="15" classes="0" methods="0" coveredmethods="0" conditionals="0" coveredconditionals="0" statements="0" coveredstatements="0" elements="0" coveredelements="0"/>
    </file>
    <file name="/app/src/Domain/Port/ConfigurationVersionRepositoryInterface.php">
      <metrics loc="12" ncloc="11" classes="0" methods="0" coveredmethods="0" conditionals="0" coveredconditionals="0" statements="0" coveredstatements="0" elements="0" coveredelements="0"/>
    </file>
    <file name="/app/src/Infrastructure/Adapter/ConfigurationAdapter.php">
      <class name="RichId\ConfigurationBundle\Infrastructure\Adapter\ConfigurationAdapter" namespace="global">
        <metrics complexity="7" methods="3" coveredmethods="3" conditionals="0" coveredconditionals="0" statements="6" coveredstatements="6" elements="9" coveredelements="9"/>
      </class>
      <line num="17" type="method" name="getConfigurationNamespace" visibility="public" complexity="2" crap="2" count="1"/>
      <line num="19" type="stmt" count="1"/>
      <line num="21" type="stmt" count="1"/>
      <line num="24" type="method" name="getConfigurationPath" visibility="public" complexity="2" crap="2" count="1"/>
      <line num="26" type="stmt" count="1"/>
      <line num="28" type="stmt" count="1"/>
      <line num="31" type="method" name="getConfigurationTemplatePath" visibility="public" complexity="3" crap="3" count="1"/>
      <line num="33" type="stmt" count="1"/>
      <line num="35" type="stmt" count="1"/>
      <metrics loc="38" ncloc="38" classes="1" methods="3" coveredmethods="3" conditionals="0" coveredconditionals="0" statements="6" coveredstatements="6" elements="9" coveredelements="9"/>
    </file>
    <file name="/app/src/Infrastructure/Adapter/ConfigurationVersionRepositoryAdapter.php">
      <class name="RichId\ConfigurationBundle\Infrastructure\Adapter\ConfigurationVersionRepositoryAdapter" namespace="global">
        <metrics complexity="1" methods="1" coveredmethods="1" conditionals="0" coveredconditionals="0" statements="1" coveredstatements="1" elements="2" coveredelements="2"/>
      </class>
      <line num="16" type="method" name="findAllVersions" visibility="public" complexity="1" crap="1" count="1"/>
      <line num="18" type="stmt" count="1"/>
      <metrics loc="21" ncloc="21" classes="1" methods="1" coveredmethods="1" conditionals="0" coveredconditionals="0" statements="1" coveredstatements="1" elements="2" coveredelements="2"/>
    </file>
    <file name="/app/src/Infrastructure/Repository/ConfigurationVersionRepository.php">
      <class name="RichId\ConfigurationBundle\Infrastructure\Repository\ConfigurationVersionRepository" namespace="global">
        <metrics complexity="2" methods="2" coveredmethods="2" conditionals="0" coveredconditionals="0" statements="6" coveredstatements="6" elements="8" coveredelements="8"/>
      </class>
      <line num="14" type="method" name="__construct" visibility="public" complexity="1" crap="1" count="1"/>
      <line num="16" type="stmt" count="1"/>
      <line num="20" type="method" name="findAllVersions" visibility="public" complexity="1" crap="1" count="1"/>
      <line num="23" type="stmt" count="1"/>
      <line num="24" type="stmt" count="1"/>
      <line num="25" type="stmt" count="1"/>
      <line num="26" type="stmt" count="1"/>
      <line num="28" type="stmt" count="1"/>
      <metrics loc="31" ncloc="28" classes="1" methods="2" coveredmethods="2" conditionals="0" coveredconditionals="0" statements="6" coveredstatements="6" elements="8" coveredelements="8"/>
    </file>
    <file name="/app/src/UserInterface/Command/ConfigurationGenerateCommand.php">
      <class name="RichId\ConfigurationBundle\UserInterface\Command\ConfigurationGenerateCommand" namespace="global">
        <metrics complexity="1" methods="1" coveredmethods="1" conditionals="0" coveredconditionals="0" statements="4" coveredstatements="4" elements="5" coveredelements="5"/>
      </class>
      <line num="21" type="method" name="execute" visibility="protected" complexity="1" crap="1" count="1"/>
      <line num="23" type="stmt" count="1"/>
      <line num="25" type="stmt" count="1"/>
      <line num="27" type="stmt" count="1"/>
      <line num="29" type="stmt" count="1"/>
      <metrics loc="32" ncloc="32" classes="1" methods="1" coveredmethods="1" conditionals="0" coveredconditionals="0" statements="4" coveredstatements="4" elements="5" coveredelements="5"/>
    </file>
    <file name="/app/src/UserInterface/Command/ConfigurationsLoadCommand.php">
      <class name="RichId\ConfigurationBundle\UserInterface\Command\ConfigurationsLoadCommand" namespace="global">
        <metrics complexity="4" methods="2" coveredmethods="2" conditionals="0" coveredconditionals="0" statements="12" coveredstatements="12" elements="14" coveredelements="14"/>
      </class>
      <line num="22" type="method" name="configure" visibility="protected" complexity="1" crap="1" count="4"/>
      <line num="24" type="stmt" count="4"/>
      <line num="27" type="method" name="execute" visibility="protected" complexity="3" crap="3" count="4"/>
      <line num="29" type="stmt" count="4"/>
      <line num="30" type="stmt" count="4"/>
      <line num="32" type="stmt" count="4"/>
      <line num="33" type="stmt" count="2"/>
      <line num="35" type="stmt" count="2"/>
      <line num="36" type="stmt" count="1"/>
      <line num="38" type="stmt" count="1"/>
      <line num="41" type="stmt" count="1"/>
      <line num="43" type="stmt" count="1"/>
      <line num="46" type="stmt" count="2"/>
      <line num="48" type="stmt" count="2"/>
      <metrics loc="51" ncloc="51" classes="1" methods="2" coveredmethods="2" conditionals="0" coveredconditionals="0" statements="12" coveredstatements="12" elements="14" coveredelements="14"/>
    </file>
    <metrics files="15" loc="542" ncloc="535" classes="12" methods="27" coveredmethods="27" conditionals="0" coveredconditionals="0" statements="99" coveredstatements="99" elements="126" coveredelements="126"/>
  </project>
</coverage>
